<?xml version="1.0" encoding="UTF-8"?>
<!-- Generated by org.testng.reporters.JUnitReportReporter -->
<testsuite hostname="DESKTOP-3HHJ4BG" failures="0" tests="2" name="Classes.DataProviderTestNG" time="2.190" errors="0" timestamp="2022-08-31T18:31:33 IDT" skipped="0">
  <testcase classname="Classes.DataProviderTestNG" name="APITesting" time="0.491"/>
  <system-out/>
  <testcase classname="Classes.DataProviderTestNG" name="APITesting" time="1.699"/>
  <system-out/>
</testsuite> <!-- Classes.DataProviderTestNG -->
