<?xml version="1.0" encoding="UTF-8"?>
<!-- Generated by org.testng.reporters.JUnitReportReporter -->
<testsuite hostname="DESKTOP-3HHJ4BG" failures="0" tests="2" name="APIMethods.PostRequestMethod" time="0.967" errors="0" timestamp="2022-08-31T18:39:42 IDT" skipped="0">
  <testcase classname="APIMethods.PostRequestMethod" name="postMethod" time="0.559"/>
  <system-out/>
  <testcase classname="APIMethods.PostRequestMethod" name="postMethod" time="0.408"/>
  <system-out/>
</testsuite> <!-- APIMethods.PostRequestMethod -->
