<?xml version="1.0" encoding="UTF-8"?>
<!-- Generated by org.testng.reporters.JUnitReportReporter -->
<testsuite hostname="DESKTOP-3HHJ4BG" failures="0" tests="2" name="Classes.DataProviderTestNG" time="2.439" errors="0" timestamp="2022-08-30T23:55:39 IDT" skipped="0">
  <testcase classname="Classes.DataProviderTestNG" name="APITesting" time="1.681"/>
  <system-out/>
  <testcase classname="Classes.DataProviderTestNG" name="APITesting" time="0.758"/>
  <system-out/>
</testsuite> <!-- Classes.DataProviderTestNG -->
