<?xml version="1.0" encoding="UTF-8"?>
<!-- Generated by org.testng.reporters.JUnitReportReporter -->
<testsuite hostname="DESKTOP-3HHJ4BG" failures="0" tests="2" name="Classes.DataProviderTestNG" time="1.734" errors="0" timestamp="2022-08-31T18:39:42 IDT" skipped="0">
  <testcase classname="Classes.DataProviderTestNG" name="APITesting" time="0.376"/>
  <system-out/>
  <testcase classname="Classes.DataProviderTestNG" name="APITesting" time="1.358"/>
  <system-out/>
</testsuite> <!-- Classes.DataProviderTestNG -->
