<?xml version="1.0" encoding="UTF-8"?>
<!-- Generated by org.testng.reporters.JUnitReportReporter -->
<testsuite hostname="DESKTOP-3HHJ4BG" failures="0" tests="2" name="APIMethods.PostRequestMethod" time="3.597" errors="0" timestamp="2022-08-31T16:03:32 IDT" skipped="0">
  <testcase classname="APIMethods.PostRequestMethod" name="postMethod" time="0.633"/>
  <system-out/>
  <testcase classname="APIMethods.PostRequestMethod" name="postMethod" time="2.964"/>
  <system-out/>
</testsuite> <!-- APIMethods.PostRequestMethod -->
